[2026-04-19 17:06:46] Skipping 486A (already Done)
[2026-04-19 17:06:46] Skipping 486B (already Done)
[2026-04-19 17:06:46] Skipping 489A (already Done)
[2026-04-19 17:06:46] Skipping 489B (already Done)
[2026-04-19 17:06:46] Skipping 487A (already Done)
[2026-04-19 17:06:46] Skipping 487B (already Done)
[2026-04-19 17:06:46] Skipping 488A (already Done)
[2026-04-19 17:06:46] Skipping 488B (already Done)
[2026-04-19 17:06:46] Skipping 490A (already Done)
[2026-04-19 17:06:46] Skipping 490B (already Done)
[2026-04-19 17:06:46] Skipping 491A (already Done)
[2026-04-19 17:06:46] Phase 67 — tasks/phase67-legal-depth-ii.md
[2026-04-19 17:06:46] Total slices: 15, Remaining: 4
[2026-04-19 17:06:46] Execution order: 491B 492A 492B 493A
[2026-04-19 17:06:46] Starting phase 67 execution...
[2026-04-19 17:06:46] ━━━━━━━━━━━━━━━━━━━━━━━━━━━━━━━━━━━━━━━━━━━━━━━━━━
[2026-04-19 17:06:46] Starting Slice 491B (1/4)
[2026-04-19 17:06:46] ━━━━━━━━━━━━━━━━━━━━━━━━━━━━━━━━━━━━━━━━━━━━━━━━━━
[2026-04-19 17:06:46] Syncing main before starting slice...
[2026-04-19 17:51:23] Slice 491B completed successfully (44m)

[2026-04-19 17:51:23] ━━━━━━━━━━━━━━━━━━━━━━━━━━━━━━━━━━━━━━━━━━━━━━━━━━
[2026-04-19 17:51:23] Starting Slice 492A (2/4)
[2026-04-19 17:51:23] ━━━━━━━━━━━━━━━━━━━━━━━━━━━━━━━━━━━━━━━━━━━━━━━━━━
[2026-04-19 17:51:23] Syncing main before starting slice...
[2026-04-19 20:00:26] Slice 492A completed successfully (129m)

[2026-04-19 20:00:26] ━━━━━━━━━━━━━━━━━━━━━━━━━━━━━━━━━━━━━━━━━━━━━━━━━━
[2026-04-19 20:00:26] Starting Slice 492B (3/4)
[2026-04-19 20:00:26] ━━━━━━━━━━━━━━━━━━━━━━━━━━━━━━━━━━━━━━━━━━━━━━━━━━
[2026-04-19 20:00:26] Syncing main before starting slice...
[2026-04-19 23:20:28] Slice 492B completed successfully (200m)

[2026-04-19 23:20:28] ━━━━━━━━━━━━━━━━━━━━━━━━━━━━━━━━━━━━━━━━━━━━━━━━━━
[2026-04-19 23:20:28] Starting Slice 493A (4/4)
[2026-04-19 23:20:28] ━━━━━━━━━━━━━━━━━━━━━━━━━━━━━━━━━━━━━━━━━━━━━━━━━━
[2026-04-19 23:20:28] Syncing main before starting slice...
[2026-04-20 00:07:46] Slice 493A completed successfully (47m)

[2026-04-20 00:07:46] ━━━━━━━━━━━━━━━━━━━━━━━━━━━━━━━━━━━━━━━━━━━━━━━━━━
[2026-04-20 00:07:46] Phase 67 COMPLETE — all 4 slices done!
[2026-04-20 00:07:46] ━━━━━━━━━━━━━━━━━━━━━━━━━━━━━━━━━━━━━━━━━━━━━━━━━━
